[01m[K/home/bagas/ros2_workspace/src/pertama/src/publisher.cpp:[m[K In function â€˜[01m[Kint main()[m[Kâ€™:
[01m[K/home/bagas/ros2_workspace/src/pertama/src/publisher.cpp:6:18:[m[K [01;31m[Kerror: [m[Kâ€˜[01m[Kargc[m[Kâ€™ was not declared in this scope
    6 |     rclcpp::init([01;31m[Kargc[m[K, argv);
      |                  [01;31m[K^~~~[m[K
[01m[K/home/bagas/ros2_workspace/src/pertama/src/publisher.cpp:6:24:[m[K [01;31m[Kerror: [m[Kâ€˜[01m[Kargv[m[Kâ€™ was not declared in this scope
    6 |     rclcpp::init(argc, [01;31m[Kargv[m[K);
      |                        [01;31m[K^~~~[m[K
gmake[2]: *** [CMakeFiles/publish.dir/build.make:76: CMakeFiles/publish.dir/src/publisher.cpp.o] Error 1
gmake[1]: *** [CMakeFiles/Makefile2:165: CMakeFiles/publish.dir/all] Error 2
gmake: *** [Makefile:146: all] Error 2
